<?xml version="1.0" encoding="UTF-8"?>
<!-- Generated by org.testng.reporters.JUnitXMLReporter -->
<testsuite ignored="0" hostname="LAPTOP-85QQTHH1" failures="0" tests="2" name="TestRunner2" time="0.117" errors="0" timestamp="2025-07-03T08:01:54 IST">
  <testcase classname="Contact.CreateContactTest" name="createContactTest" time="0.0">
    <skipped/>
  </testcase> <!-- createContactTest -->
  <testcase classname="Contact.CreateContactTest" name="createProductTest" time="0.0">
    <skipped/>
  </testcase> <!-- createProductTest -->
</testsuite> <!-- TestRunner2 -->
